{
  "RSpec": {
    "coverage": {
      "/Users/jamesnelson/turing/2module/projects/point-box/spec/features/admin_can_see_and_create_a_list_of_all_assigned_points_spec.rb": [
        1,
        null,
        1,
        1,
        0,
        null,
        null,
        null,
        null,
        null,
        null,
        0,
        0,
        null,
        0,
        null,
        0,
        0,
        0,
        null,
        0,
        null,
        0,
        0,
        0,
        null,
        0,
        0,
        null,
        null,
        null,
        1,
        1,
        0,
        null,
        null,
        null,
        null,
        null,
        null,
        0,
        0,
        null,
        0,
        0,
        0,
        null,
        0,
        0,
        null,
        null
      ],
      "/Users/jamesnelson/turing/2module/projects/point-box/spec/features/admin_can_see_rewards_and_create_spec.rb": [
        1,
        null,
        null,
        1,
        1,
        0,
        null,
        null,
        null,
        null,
        null,
        null,
        0,
        0,
        null,
        0,
        null,
        0,
        0,
        0,
        0,
        null,
        0,
        0,
        0,
        null,
        null,
        null,
        1,
        1,
        0,
        null,
        null,
        null,
        null,
        null,
        null,
        0,
        0,
        null,
        0,
        null,
        0,
        0,
        0,
        0,
        null,
        0,
        0,
        null,
        null,
        null,
        1,
        1,
        0,
        null,
        null,
        null,
        null,
        null,
        0,
        null,
        null,
        null,
        null,
        null,
        null,
        0,
        0,
        null,
        0,
        0,
        null,
        0,
        null,
        0,
        0,
        0,
        0,
        null,
        0,
        0,
        0,
        0,
        null,
        null,
        null,
        1,
        1,
        0,
        null,
        null,
        null,
        null,
        null,
        0,
        null,
        null,
        null,
        null,
        null,
        null,
        0,
        0,
        null,
        0,
        0,
        null,
        0,
        null,
        0,
        0,
        0,
        null,
        null
      ],
      "/Users/jamesnelson/turing/2module/projects/point-box/spec/features/admin_can_visit_user_page_and_delete_points_spec.rb": [
        1,
        null,
        1,
        1,
        0,
        null,
        null,
        null,
        null,
        null,
        0,
        0,
        0,
        null,
        0,
        null,
        0,
        null,
        0,
        0,
        null,
        null
      ],
      "/Users/jamesnelson/turing/2module/projects/point-box/spec/features/user_authentications_spec.rb": [
        1,
        null,
        1,
        1,
        0,
        null,
        null,
        null,
        null,
        null,
        0,
        null,
        0,
        0,
        0,
        0,
        null,
        0,
        0,
        null,
        null,
        1,
        0,
        null,
        null,
        null,
        null,
        null,
        0,
        null,
        0,
        0,
        0,
        0,
        null,
        0,
        null,
        0,
        0,
        0,
        null,
        null
      ],
      "/Users/jamesnelson/turing/2module/projects/point-box/spec/features/user_can_create_account_spec.rb": [
        1,
        null,
        1,
        1,
        0,
        null,
        null,
        null,
        null,
        null,
        0,
        null,
        0,
        0,
        0,
        0,
        0,
        null,
        0,
        null,
        null,
        1,
        0,
        null,
        null,
        null,
        null,
        null,
        0,
        null,
        0,
        0,
        0,
        0,
        0,
        null,
        0,
        0,
        null,
        null
      ],
      "/Users/jamesnelson/turing/2module/projects/point-box/spec/features/user_can_see_rewards_list_spec.rb": [
        1,
        null,
        1,
        1,
        0,
        null,
        null,
        null,
        null,
        null,
        0,
        null,
        null,
        null,
        null,
        null,
        0,
        null,
        null,
        null,
        null,
        null,
        0,
        0,
        0,
        0,
        0,
        null,
        0,
        null,
        0,
        0,
        0,
        0,
        0,
        null,
        null
      ],
      "/Users/jamesnelson/turing/2module/projects/point-box/spec/features/user_can_see_their_points_but_not_delete_them_spec.rb": [
        1,
        null,
        1,
        1,
        0,
        null,
        null,
        null,
        null,
        0,
        null,
        0,
        0,
        null,
        0,
        0,
        null,
        null
      ],
      "/Users/jamesnelson/turing/2module/projects/point-box/spec/features/user_sees_info_in_their_dashboard_spec.rb": [
        1,
        null,
        1,
        1,
        0,
        null,
        null,
        null,
        null,
        null,
        0,
        null,
        0,
        null,
        0,
        null,
        0,
        null,
        null
      ],
      "/Users/jamesnelson/turing/2module/projects/point-box/spec/features/user_visits_reward_show_page_and_can_redeem_points_spec.rb": [
        1,
        null,
        1,
        1,
        0,
        null,
        null,
        null,
        null,
        null,
        0,
        null,
        null,
        null,
        null,
        null,
        0,
        null,
        0,
        null,
        0,
        null,
        0,
        null,
        0,
        null,
        0,
        0,
        0,
        null,
        null,
        null,
        1,
        1,
        0,
        null,
        null,
        null,
        null,
        null,
        0,
        null,
        null,
        null,
        null,
        null,
        0,
        null,
        0,
        null,
        0,
        0,
        0,
        0,
        null,
        null
      ],
      "/Users/jamesnelson/turing/2module/projects/point-box/spec/models/point_spec.rb": [
        1,
        null,
        1,
        1,
        1,
        null,
        null
      ],
      "/Users/jamesnelson/turing/2module/projects/point-box/app/models/point.rb": [
        null,
        1,
        1,
        1,
        1,
        null
      ],
      "/Users/jamesnelson/turing/2module/projects/point-box/app/models/application_record.rb": [
        1,
        1,
        null
      ],
      "/Users/jamesnelson/turing/2module/projects/point-box/spec/models/reward_spec.rb": [
        1,
        null,
        1,
        1,
        1,
        1,
        1,
        null,
        null
      ],
      "/Users/jamesnelson/turing/2module/projects/point-box/app/models/reward.rb": [
        null,
        1,
        1,
        1,
        1,
        null
      ],
      "/Users/jamesnelson/turing/2module/projects/point-box/spec/models/user_reward_spec.rb": [
        1,
        null,
        1,
        0,
        0,
        0,
        null,
        null
      ],
      "/Users/jamesnelson/turing/2module/projects/point-box/spec/models/user_spec.rb": [
        1,
        null,
        1,
        1,
        1,
        1,
        1,
        null,
        null,
        1,
        1,
        0,
        null,
        null,
        null,
        null,
        null,
        null,
        0,
        0,
        null,
        null,
        1,
        0,
        null,
        null,
        null,
        null,
        null,
        null,
        0,
        0,
        null,
        null,
        null,
        1,
        1,
        0,
        null,
        null,
        null,
        null,
        null,
        null,
        0,
        0,
        null,
        0,
        null,
        null,
        null,
        1,
        1,
        0,
        null,
        null,
        null,
        null,
        null,
        null,
        0,
        null,
        null,
        null,
        null,
        null,
        null,
        0,
        null,
        null,
        null
      ],
      "/Users/jamesnelson/turing/2module/projects/point-box/app/models/user.rb": [
        null,
        1,
        1,
        null,
        1,
        1,
        1,
        null,
        1,
        null,
        1,
        null,
        1,
        0,
        null,
        null,
        1,
        0,
        null,
        null
      ]
    },
    "timestamp": 1522869978
  }
}
