{
  "RSpec": {
    "coverage": {
      "/Users/jamesnelson/turing/2module/projects/point-box/spec/features/admin_can_see_and_create_a_list_of_all_assigned_points_spec.rb": [
        1,
        null,
        1,
        1,
        1,
        null,
        null,
        null,
        null,
        null,
        null,
        1,
        1,
        null,
        1,
        null,
        1,
        1,
        1,
        null,
        1,
        null,
        1,
        1,
        1,
        null,
        1,
        1,
        null,
        null,
        null,
        1,
        1,
        1,
        null,
        null,
        null,
        null,
        null,
        null,
        1,
        1,
        null,
        1,
        1,
        1,
        null,
        1,
        1,
        null,
        null
      ],
      "/Users/jamesnelson/turing/2module/projects/point-box/spec/features/admin_can_see_rewards_and_create_spec.rb": [
        1,
        null,
        null,
        1,
        1,
        1,
        null,
        null,
        null,
        null,
        null,
        null,
        1,
        1,
        null,
        1,
        null,
        1,
        1,
        1,
        1,
        null,
        1,
        1,
        1,
        null,
        null,
        null,
        1,
        1,
        1,
        null,
        null,
        null,
        null,
        null,
        null,
        1,
        1,
        null,
        1,
        null,
        1,
        1,
        1,
        1,
        null,
        1,
        1,
        null,
        null,
        null,
        1,
        1,
        1,
        null,
        null,
        null,
        null,
        null,
        1,
        null,
        null,
        null,
        null,
        null,
        null,
        1,
        1,
        null,
        1,
        1,
        null,
        1,
        null,
        1,
        1,
        1,
        1,
        null,
        1,
        1,
        1,
        1,
        null,
        null,
        null,
        1,
        1,
        1,
        null,
        null,
        null,
        null,
        null,
        1,
        null,
        null,
        null,
        null,
        null,
        null,
        1,
        1,
        null,
        1,
        1,
        null,
        1,
        null,
        1,
        1,
        1,
        null,
        null
      ],
      "/Users/jamesnelson/turing/2module/projects/point-box/spec/features/admin_can_visit_user_page_and_delete_points_spec.rb": [
        1,
        null,
        1,
        1,
        1,
        null,
        null,
        null,
        null,
        null,
        1,
        1,
        1,
        null,
        1,
        null,
        1,
        null,
        1,
        1,
        null,
        null
      ],
      "/Users/jamesnelson/turing/2module/projects/point-box/spec/features/user_authentications_spec.rb": [
        1,
        null,
        1,
        1,
        1,
        null,
        null,
        null,
        null,
        null,
        1,
        null,
        1,
        1,
        1,
        1,
        null,
        1,
        1,
        null,
        null,
        1,
        1,
        null,
        null,
        null,
        null,
        null,
        1,
        null,
        1,
        1,
        1,
        1,
        null,
        1,
        null,
        1,
        1,
        1,
        null,
        null
      ],
      "/Users/jamesnelson/turing/2module/projects/point-box/spec/features/user_can_create_account_spec.rb": [
        1,
        null,
        1,
        1,
        1,
        null,
        null,
        null,
        null,
        null,
        1,
        null,
        1,
        1,
        1,
        1,
        1,
        null,
        1,
        null,
        null,
        1,
        1,
        null,
        null,
        null,
        null,
        null,
        1,
        null,
        1,
        1,
        1,
        1,
        1,
        null,
        1,
        1,
        null,
        null
      ],
      "/Users/jamesnelson/turing/2module/projects/point-box/spec/features/user_can_see_rewards_list_spec.rb": [
        1,
        null,
        1,
        1,
        1,
        null,
        null,
        null,
        null,
        null,
        1,
        null,
        null,
        null,
        null,
        null,
        1,
        null,
        null,
        null,
        null,
        null,
        1,
        1,
        1,
        1,
        1,
        null,
        1,
        null,
        1,
        1,
        1,
        1,
        1,
        null,
        null
      ],
      "/Users/jamesnelson/turing/2module/projects/point-box/spec/features/user_can_see_their_points_but_not_delete_them_spec.rb": [
        1,
        null,
        1,
        1,
        1,
        null,
        null,
        null,
        null,
        1,
        null,
        1,
        1,
        null,
        1,
        1,
        null,
        null
      ],
      "/Users/jamesnelson/turing/2module/projects/point-box/spec/features/user_sees_info_in_their_dashboard_spec.rb": [
        1,
        null,
        1,
        1,
        1,
        null,
        null,
        null,
        null,
        null,
        1,
        null,
        1,
        null,
        1,
        null,
        1,
        null,
        null
      ],
      "/Users/jamesnelson/turing/2module/projects/point-box/spec/models/point_spec.rb": [
        1,
        null,
        1,
        1,
        2,
        null,
        null
      ],
      "/Users/jamesnelson/turing/2module/projects/point-box/app/models/point.rb": [
        null,
        1,
        1,
        1,
        1,
        null
      ],
      "/Users/jamesnelson/turing/2module/projects/point-box/app/models/application_record.rb": [
        1,
        1,
        null
      ],
      "/Users/jamesnelson/turing/2module/projects/point-box/spec/models/reward_spec.rb": [
        1,
        null,
        1,
        1,
        2,
        2,
        2,
        null,
        null
      ],
      "/Users/jamesnelson/turing/2module/projects/point-box/app/models/reward.rb": [
        null,
        1,
        1,
        1,
        1,
        null
      ],
      "/Users/jamesnelson/turing/2module/projects/point-box/spec/models/user_spec.rb": [
        1,
        null,
        1,
        1,
        2,
        2,
        2,
        null,
        null,
        1,
        1,
        1,
        null,
        null,
        null,
        null,
        null,
        null,
        1,
        1,
        null,
        null,
        1,
        1,
        null,
        null,
        null,
        null,
        null,
        null,
        1,
        1,
        null,
        null,
        null,
        1,
        1,
        1,
        null,
        null,
        null,
        null,
        null,
        null,
        1,
        1,
        null,
        1,
        null,
        null,
        null,
        1,
        1,
        1,
        null,
        null,
        null,
        null,
        null,
        null,
        1,
        null,
        null,
        null,
        null,
        null,
        null,
        1,
        null,
        null,
        null
      ],
      "/Users/jamesnelson/turing/2module/projects/point-box/app/models/user.rb": [
        null,
        1,
        1,
        null,
        1,
        1,
        1,
        null,
        1,
        null,
        1,
        null,
        1,
        12,
        null,
        null,
        1,
        5,
        null,
        null
      ],
      "/Users/jamesnelson/turing/2module/projects/point-box/app/controllers/application_controller.rb": [
        1,
        1,
        1,
        null,
        1,
        48,
        null,
        null,
        1,
        22,
        null,
        null
      ],
      "/Users/jamesnelson/turing/2module/projects/point-box/app/controllers/admin/rewards_controller.rb": [
        null,
        1,
        1,
        7,
        null,
        null,
        1,
        3,
        null,
        null,
        1,
        1,
        null,
        null
      ],
      "/Users/jamesnelson/turing/2module/projects/point-box/app/controllers/admin/base_controller.rb": [
        1,
        1,
        null,
        1,
        null,
        1,
        22,
        null,
        null
      ],
      "/Users/jamesnelson/turing/2module/projects/point-box/app/controllers/rewards_controller.rb": [
        null,
        1,
        1,
        1,
        null,
        null,
        1,
        2,
        2,
        1,
        null,
        1,
        null,
        null,
        null,
        1,
        1,
        1,
        1,
        null,
        null,
        1,
        1,
        1,
        null,
        null,
        1,
        null,
        1,
        3,
        null,
        null
      ],
      "/Users/jamesnelson/turing/2module/projects/point-box/app/controllers/dashboard_controller.rb": [
        1,
        1,
        null,
        null,
        null
      ],
      "/Users/jamesnelson/turing/2module/projects/point-box/app/controllers/users_controller.rb": [
        null,
        1,
        1,
        3,
        null,
        null,
        1,
        2,
        2,
        1,
        null,
        1,
        null,
        null,
        null,
        1,
        6,
        null,
        null,
        1,
        null,
        1,
        2,
        null,
        null
      ],
      "/Users/jamesnelson/turing/2module/projects/point-box/app/controllers/admin/points_controller.rb": [
        null,
        1,
        1,
        4,
        null,
        null,
        1,
        4,
        4,
        null,
        null
      ],
      "/Users/jamesnelson/turing/2module/projects/point-box/app/controllers/points_controller.rb": [
        null,
        1,
        1,
        1,
        null,
        null,
        1,
        3,
        3,
        2,
        null,
        1,
        1,
        null,
        null,
        null,
        1,
        1,
        1,
        null,
        null,
        1,
        null,
        1,
        3,
        null,
        null
      ],
      "/Users/jamesnelson/turing/2module/projects/point-box/app/controllers/sessions_controller.rb": [
        1,
        1,
        null,
        1,
        4,
        4,
        4,
        4,
        null,
        null,
        null,
        null,
        null,
        1,
        1,
        1,
        1,
        null,
        null
      ],
      "/Users/jamesnelson/turing/2module/projects/point-box/app/controllers/admin/users_controller.rb": [
        null,
        1,
        1,
        1,
        null,
        null,
        1,
        1,
        null,
        null
      ]
    },
    "timestamp": 1522862084
  }
}
